<?xml version="1.0" encoding="UTF-8"?>
<!-- Generated by org.testng.reporters.JUnitReportReporter -->
<testsuite hostname="OTSWJLPY633" failures="0" tests="1" name="com.ush.agentstore_testcases.Login" time="4.425" errors="0" timestamp="2022-02-27T09:57:38 PST" skipped="0">
  <testcase classname="com.ush.agentstore_testcases.Login" name="LoginToAgentStore" time="4.425"/>
  <system-out/>
</testsuite> <!-- com.ush.agentstore_testcases.Login -->
