<?xml version="1.0" encoding="UTF-8"?>
<!-- Generated by org.testng.reporters.JUnitReportReporter -->
<testsuite hostname="OTSWJLPY633" failures="0" tests="1" name="com.ush.agentstore_utilities.ReadConfigFile" time="0.015" errors="0" timestamp="2022-02-23T00:05:21 PST" skipped="0">
  <testcase classname="com.ush.agentstore_utilities.ReadConfigFile" name="test" time="0.015"/>
  <system-out/>
</testsuite> <!-- com.ush.agentstore_utilities.ReadConfigFile -->
